<?xml version="1.0" encoding="UTF-8"?>
<!-- Generated by org.testng.reporters.JUnitXMLReporter -->
<testsuite ignored="0" hostname="DESKTOP-HB88F2S" failures="0" tests="4" name="Test" time="40.261" errors="0" timestamp="2022-08-24T18:49:35 IST">
  <testcase classname="TestCases.ParallelExsecution" name="FbOpen" time="23.256"/>
  <testcase classname="TestCases.ParallelExsecution" name="OpenGoggle" time="29.65"/>
  <testcase classname="TestCases.ParallelExsecution" name="OpenZerodha" time="15.618"/>
  <testcase classname="TestCases.ParallelExsecution" name="RediffOpen" time="10.451"/>
</testsuite> <!-- Test -->
